2026-05-08 13:50:12 | INFO     | __main__ | **************************************************
2026-05-08 13:50:12 | INFO     | __main__ | BigQuery → GCS Pipeline (Production Mode)
2026-05-08 13:50:12 | INFO     | __main__ | Project:  norse-rampart-273715
2026-05-08 13:50:12 | INFO     | __main__ | Bucket:   gs://norse-rampart-273715-ml-datasets
2026-05-08 13:50:12 | INFO     | __main__ | BQ Dest:  norse-rampart-273715.hackernews_processed.comments_clean
2026-05-08 13:50:12 | INFO     | __main__ | **************************************************
2026-05-08 13:50:12 | INFO     | __main__ | Initializing BigQuery client for project: norse-rampart-273715
2026-05-08 13:50:12 | INFO     | __main__ | Initializing GCS client for project: norse-rampart-273715
2026-05-08 13:50:12 | INFO     | __main__ | ━━━━━━━━━━━━━━━━━━━━━━━━━━━━━━━━━━━━━━━━━━━━━━━━━━
2026-05-08 13:50:12 | INFO     | __main__ | Step 1: BigQuery Transform → BQ Table
2026-05-08 13:50:12 | INFO     | __main__ | ━━━━━━━━━━━━━━━━━━━━━━━━━━━━━━━━━━━━━━━━━━━━━━━━━━
2026-05-08 13:50:12 | INFO     | __main__ | Source: bigquery-public-data.hacker_news.comments
2026-05-08 13:50:12 | INFO     | __main__ | Dest:   norse-rampart-273715.hackernews_processed.comments_clean
2026-05-08 13:50:12 | INFO     | __main__ | Rows:   100,000
2026-05-08 13:50:12 | INFO     | __main__ | Running BigQuery transform job...
2026-05-08 14:19:10 | INFO     | __main__ | **************************************************
2026-05-08 14:19:10 | INFO     | __main__ | BigQuery → GCS Pipeline (Production Mode)
2026-05-08 14:19:10 | INFO     | __main__ | Project:  norse-rampart-273715
2026-05-08 14:19:10 | INFO     | __main__ | Bucket:   gs://norse-rampart-273715-ml-datasets
2026-05-08 14:19:10 | INFO     | __main__ | BQ Dest:  norse-rampart-273715.hackernews_processed.comments_clean
2026-05-08 14:19:10 | INFO     | __main__ | **************************************************
2026-05-08 14:19:10 | INFO     | __main__ | Initializing BigQuery client for project: norse-rampart-273715
2026-05-08 14:19:10 | INFO     | __main__ | Initializing GCS client for project: norse-rampart-273715
2026-05-08 14:19:10 | INFO     | __main__ | ━━━━━━━━━━━━━━━━━━━━━━━━━━━━━━━━━━━━━━━━━━━━━━━━━━
2026-05-08 14:19:10 | INFO     | __main__ | Step 1: BigQuery Transform → BQ Table
2026-05-08 14:19:10 | INFO     | __main__ | ━━━━━━━━━━━━━━━━━━━━━━━━━━━━━━━━━━━━━━━━━━━━━━━━━━
2026-05-08 14:19:10 | INFO     | __main__ | Source: bigquery-public-data.hacker_news.comments
2026-05-08 14:19:10 | INFO     | __main__ | Dest:   norse-rampart-273715.hackernews_processed.comments_clean
2026-05-08 14:19:10 | INFO     | __main__ | Rows:   100,000
2026-05-08 14:19:10 | INFO     | __main__ | Running BigQuery transform job...
2026-05-08 14:26:54 | INFO     | __main__ | **************************************************
2026-05-08 14:26:54 | INFO     | __main__ | BigQuery → GCS Pipeline (Production Mode)
2026-05-08 14:26:54 | INFO     | __main__ | Project:  norse-rampart-273715
2026-05-08 14:26:54 | INFO     | __main__ | Bucket:   gs://norse-rampart-273715-ml-datasets
2026-05-08 14:26:54 | INFO     | __main__ | BQ Dest:  norse-rampart-273715.hackernews_processed.comments_clean
2026-05-08 14:26:54 | INFO     | __main__ | **************************************************
2026-05-08 14:26:54 | INFO     | __main__ | Initializing BigQuery client for project: norse-rampart-273715
2026-05-08 14:26:54 | INFO     | __main__ | Initializing GCS client for project: norse-rampart-273715
2026-05-08 14:26:54 | INFO     | __main__ | **************************************************
2026-05-08 14:26:54 | INFO     | __main__ | Step 1: BigQuery Transform → BQ Table
2026-05-08 14:26:54 | INFO     | __main__ | ***************************************************
2026-05-08 14:26:54 | INFO     | __main__ | Source: bigquery-public-data.hacker_news.comments
2026-05-08 14:26:54 | INFO     | __main__ | Dest:   norse-rampart-273715.hackernews_processed.comments_clean
2026-05-08 14:26:54 | INFO     | __main__ | Rows:   100,000
2026-05-08 14:26:54 | INFO     | __main__ | Running BigQuery transform job...
2026-05-08 14:37:21 | INFO     | __main__ | **************************************************
2026-05-08 14:37:21 | INFO     | __main__ | BigQuery → GCS Pipeline (Production Mode)
2026-05-08 14:37:21 | INFO     | __main__ | Project:  norse-rampart-273715
2026-05-08 14:37:21 | INFO     | __main__ | Bucket:   gs://norse-rampart-273715-ml-datasets
2026-05-08 14:37:21 | INFO     | __main__ | BQ Dest:  norse-rampart-273715.hackernews_processed.comments_clean
2026-05-08 14:37:21 | INFO     | __main__ | **************************************************
2026-05-08 14:37:21 | INFO     | __main__ | Initializing BigQuery client for project: norse-rampart-273715
2026-05-08 14:37:21 | INFO     | __main__ | Initializing GCS client for project: norse-rampart-273715
2026-05-08 14:37:21 | INFO     | __main__ | **************************************************
2026-05-08 14:37:21 | INFO     | __main__ | Step 1: BigQuery Transform → BQ Table
2026-05-08 14:37:21 | INFO     | __main__ | ***************************************************
2026-05-08 14:37:21 | INFO     | __main__ | Source: bigquery-public-data.hacker_news.comments
2026-05-08 14:37:21 | INFO     | __main__ | Dest:   norse-rampart-273715.hackernews_processed.comments_clean
2026-05-08 14:37:21 | INFO     | __main__ | Rows:   100,000
2026-05-08 14:37:21 | INFO     | __main__ | Running BigQuery transform job...
2026-05-08 14:44:42 | INFO     | __main__ | **************************************************
2026-05-08 14:44:42 | INFO     | __main__ | BigQuery → GCS Pipeline (Production Mode)
2026-05-08 14:44:42 | INFO     | __main__ | Project:  norse-rampart-273715
2026-05-08 14:44:42 | INFO     | __main__ | Bucket:   gs://norse-rampart-273715-ml-datasets
2026-05-08 14:44:42 | INFO     | __main__ | BQ Dest:  norse-rampart-273715.hackernews_processed.comments_clean
2026-05-08 14:44:42 | INFO     | __main__ | **************************************************
2026-05-08 14:44:42 | INFO     | __main__ | Initializing BigQuery client for project: norse-rampart-273715
2026-05-08 14:44:42 | INFO     | __main__ | Initializing GCS client for project: norse-rampart-273715
2026-05-08 14:44:42 | INFO     | __main__ | **************************************************
2026-05-08 14:44:42 | INFO     | __main__ | Step 1: BigQuery Transform → BQ Table
2026-05-08 14:44:42 | INFO     | __main__ | ***************************************************
2026-05-08 14:44:42 | INFO     | __main__ | Source: bigquery-public-data.hacker_news.full
2026-05-08 14:44:42 | INFO     | __main__ | Dest:   norse-rampart-273715.hackernews_processed.comments_clean
2026-05-08 14:44:42 | INFO     | __main__ | Rows:   100,000
2026-05-08 14:44:42 | INFO     | __main__ | Running BigQuery transform job...
2026-05-08 14:47:31 | INFO     | __main__ | **************************************************
2026-05-08 14:47:31 | INFO     | __main__ | BigQuery → GCS Pipeline (Production Mode)
2026-05-08 14:47:31 | INFO     | __main__ | Project:  norse-rampart-273715
2026-05-08 14:47:31 | INFO     | __main__ | Bucket:   gs://norse-rampart-273715-ml-datasets
2026-05-08 14:47:31 | INFO     | __main__ | BQ Dest:  norse-rampart-273715.hackernews_processed.comments_clean
2026-05-08 14:47:31 | INFO     | __main__ | **************************************************
2026-05-08 14:47:31 | INFO     | __main__ | Initializing BigQuery client for project: norse-rampart-273715
2026-05-08 14:47:31 | INFO     | __main__ | Initializing GCS client for project: norse-rampart-273715
2026-05-08 14:47:31 | INFO     | __main__ | **************************************************
2026-05-08 14:47:31 | INFO     | __main__ | Step 1: BigQuery Transform → BQ Table
2026-05-08 14:47:31 | INFO     | __main__ | ***************************************************
2026-05-08 14:47:31 | INFO     | __main__ | Source: bigquery-public-data.hacker_news.full
2026-05-08 14:47:31 | INFO     | __main__ | Dest:   norse-rampart-273715.hackernews_processed.comments_clean
2026-05-08 14:47:31 | INFO     | __main__ | Rows:   100,000
2026-05-08 14:47:31 | INFO     | __main__ | Running BigQuery transform job...
2026-05-08 14:50:21 | INFO     | __main__ | **************************************************
2026-05-08 14:50:21 | INFO     | __main__ | BigQuery → GCS Pipeline (Production Mode)
2026-05-08 14:50:21 | INFO     | __main__ | Project:  norse-rampart-273715
2026-05-08 14:50:21 | INFO     | __main__ | Bucket:   gs://norse-rampart-273715-ml-datasets
2026-05-08 14:50:21 | INFO     | __main__ | BQ Dest:  norse-rampart-273715.hackernews_processed.comments_clean
2026-05-08 14:50:21 | INFO     | __main__ | **************************************************
2026-05-08 14:50:21 | INFO     | __main__ | Initializing BigQuery client for project: norse-rampart-273715
2026-05-08 14:50:21 | INFO     | __main__ | Initializing GCS client for project: norse-rampart-273715
2026-05-08 14:50:21 | INFO     | __main__ | **************************************************
2026-05-08 14:50:21 | INFO     | __main__ | Step 1: BigQuery Transform → BQ Table
2026-05-08 14:50:21 | INFO     | __main__ | ***************************************************
2026-05-08 14:50:21 | INFO     | __main__ | Source: bigquery-public-data.hacker_news.full
2026-05-08 14:50:21 | INFO     | __main__ | Dest:   norse-rampart-273715.hackernews_processed.comments_clean
2026-05-08 14:50:21 | INFO     | __main__ | Rows:   100,000
2026-05-08 14:50:21 | INFO     | __main__ | Running BigQuery transform job...
2026-05-08 14:50:28 | INFO     | __main__ | Transform complete in 6.4s
2026-05-08 14:50:31 | INFO     | __main__ |   test : 10,054 rows
2026-05-08 14:50:31 | INFO     | __main__ |   train: 79,787 rows
2026-05-08 14:50:31 | INFO     | __main__ |   val  : 10,159 rows
2026-05-08 14:50:31 | INFO     | __main__ | *************************************************
2026-05-08 14:50:31 | INFO     | __main__ | Step 2: BQ Table → GCS Export
2026-05-08 14:50:31 | INFO     | __main__ | **************************************************
2026-05-08 14:50:31 | INFO     | __main__ | Exporting train → gs://norse-rampart-273715-ml-datasets/hackernews/train/*.parquet
2026-05-08 14:50:37 | INFO     | __main__ | ✅ train exported in 2.1s → gs://norse-rampart-273715-ml-datasets/hackernews/train/*.parquet
2026-05-08 14:50:38 | INFO     | __main__ | Exporting val → gs://norse-rampart-273715-ml-datasets/hackernews/val/*.parquet
2026-05-08 14:50:42 | INFO     | __main__ | ✅ val exported in 1.1s → gs://norse-rampart-273715-ml-datasets/hackernews/val/*.parquet
2026-05-08 14:50:42 | INFO     | __main__ | Exporting test → gs://norse-rampart-273715-ml-datasets/hackernews/test/*.parquet
2026-05-08 14:50:46 | INFO     | __main__ | ✅ test exported in 0.9s → gs://norse-rampart-273715-ml-datasets/hackernews/test/*.parquet
2026-05-08 14:50:47 | INFO     | __main__ | **************************************************
2026-05-08 14:50:47 | INFO     | __main__ | Step 3: Verify GCS Export
2026-05-08 14:50:47 | INFO     | __main__ | **************************************************
2026-05-08 14:50:47 | INFO     | __main__ | train: 1 shards | 12.5 MB | gs://norse-rampart-273715-ml-datasets/hackernews/train/
2026-05-08 14:50:47 | INFO     | __main__ | val  : 1 shards | 1.6 MB | gs://norse-rampart-273715-ml-datasets/hackernews/val/
2026-05-08 14:50:47 | INFO     | __main__ | test : 1 shards | 1.6 MB | gs://norse-rampart-273715-ml-datasets/hackernews/test/
2026-05-08 14:50:47 | INFO     | __main__ | Total size: 15.7 MB
2026-05-08 14:50:47 | INFO     | __main__ | **************************************************
2026-05-08 14:50:47 | INFO     | __main__ | ✅ Pipeline complete!
2026-05-08 14:50:47 | INFO     | __main__ | Data ready at: gs://norse-rampart-273715-ml-datasets/hackernews/
2026-05-08 14:50:47 | INFO     | __main__ | ***************************************************
